<?xml version="1.0" encoding="UTF-8"?>
<!-- Generated by org.testng.reporters.JUnitReportReporter -->
<testsuite skipped="0" hostname="LAPTOP-9QJFP745" name="com.crm.qa.testcases.HomePageTest" tests="3" failures="0" timestamp="30 Aug 2018 23:57:29 GMT" time="27.329" errors="0">
  <testcase name="verifyHomePageTitleTest" time="9.111" classname="com.crm.qa.testcases.HomePageTest"/>
  <testcase name="verifyUserNameTest" time="9.524" classname="com.crm.qa.testcases.HomePageTest"/>
  <testcase name="verifyContactsLinkTest" time="8.694" classname="com.crm.qa.testcases.HomePageTest"/>
</testsuite> <!-- com.crm.qa.testcases.HomePageTest -->
